#
# A fatal error has been detected by the Java Runtime Environment:
#
#  EXCEPTION_ACCESS_VIOLATION (0xc0000005) at pc=0x00007ffd183d3004, pid=19916, tid=13712
#
# JRE version: OpenJDK Runtime Environment (24.0+36) (build 24+36-3646)
# Java VM: OpenJDK 64-Bit Server VM (24+36-3646, mixed mode, sharing, tiered, compressed oops, compressed class ptrs, g1 gc, windows-amd64)
# Problematic frame:
# C  [libasyncProfiler.dll+0x93004]
#
# No core dump will be written. Minidumps are not enabled by default on client versions of Windows
#
# JFR recording file will be written. Location: C:\inflearn\java\java-start\hs_err_pid19916.jfr
#
# If you would like to submit a bug report, please visit:
#   https://bugreport.java.com/bugreport/crash.jsp
# The crash happened outside the Java Virtual Machine in native code.
# See problematic frame for where to report the bug.
#

---------------  S U M M A R Y ------------

Command Line: -javaagent:C:\Program Files\JetBrains\IntelliJ IDEA 2024.3.5\lib\idea_rt.jar=58946 -Dfile.encoding=UTF-8 -Dsun.stdout.encoding=UTF-8 -Dsun.stderr.encoding=UTF-8 array.ex.ProductAdminEx

Host: 11th Gen Intel(R) Core(TM) i5-1135G7 @ 2.40GHz, 8 cores, 15G,  Windows 11 , 64 bit Build 26100 (10.0.26100.3775)
Time: Thu Apr 24 08:29:11 2025  Windows 11 , 64 bit Build 26100 (10.0.26100.3775) elapsed time: 6.146781 seconds (0d 0h 0m 6s)

---------------  T H R E A D  ---------------

Current thread (0x000002285bb69270):  JavaThread "Attach Listener" daemon [_thread_in_native, id=13712, stack(0x00000053c5300000,0x00000053c5400000) (1024K)]

Stack: [0x00000053c5300000,0x00000053c5400000],  sp=0x00000053c53fed80,  free space=1019k
Native frames: (J=compiled Java code, j=interpreted, Vv=VM code, C=native code)
C  [libasyncProfiler.dll+0x93004]  (no source info available)
C  [libasyncProfiler.dll+0x934db]  (no source info available)
C  [libasyncProfiler.dll+0x92134]  (no source info available)
C  [libasyncProfiler.dll+0x929aa]  (no source info available)
C  [libasyncProfiler.dll+0x8d561]  (no source info available)
C  [libasyncProfiler.dll+0x7ef21]  (no source info available)
C  [libasyncProfiler.dll+0x7dc38]  (no source info available)
C  [libasyncProfiler.dll+0x7db20]  (no source info available)
C  [libasyncProfiler.dll+0x84af9]  (no source info available)
V  [jvm.dll+0x57f1b7]  (no source info available)
V  [jvm.dll+0x57ff2c]  (no source info available)
V  [jvm.dll+0x14c9b7]  (no source info available)
V  [jvm.dll+0x14df81]  (no source info available)
V  [jvm.dll+0x42f566]  (no source info available)
V  [jvm.dll+0x87d8fb]  (no source info available)
V  [jvm.dll+0x72efe5]  (no source info available)
C  [ucrtbase.dll+0x37b0]  (no source info available)
C  [KERNEL32.DLL+0x2e8d7]  (no source info available)
C  [ntdll.dll+0xb14fc]  (no source info available)


siginfo: EXCEPTION_ACCESS_VIOLATION (0xc0000005), reading address 0xffffffffffffffff


Registers:
RAX=0x0000000000000010, RBX=0x0000000000000000, RCX=0xffffffffffffffff, RDX=0x007ffce0142ff010
RSP=0x00000053c53fed80, RBP=0x000002285bbcae38, RSI=0x00000053c53feef0, RDI=0x000002285bbcae38
R8 =0x0000000000000042, R9 =0x0000000713e01ee8, R10=0x00007ffce03b9fc0, R11=0x0000000000000002
R12=0x00000053c53feef0, R13=0x00000228a1b8a720, R14=0x000002285bb69638, R15=0x000002285bb69638
RIP=0x00007ffd183d3004, EFLAGS=0x0000000000010202

XMM[0]=0x0000000000000000 0x0000000000000000
XMM[1]=0x0000000000000000 0x0000000000000000
XMM[2]=0x0000000000000000 0x0000000000000000
XMM[3]=0x0000000000000000 0x0000000000000000
XMM[4]=0x0000000000000000 0x0000000000000000
XMM[5]=0x0000000000000000 0x0000000000000000
XMM[6]=0x0000000000000000 0x0000000000000000
XMM[7]=0x0000000000000000 0x0000000000000000
XMM[8]=0x0000000000000000 0x0000000000000000
XMM[9]=0x0000000000000000 0x0000000000000000
XMM[10]=0x0000000000000000 0x0000000000000000
XMM[11]=0x0000000000000000 0x0000000000000000
XMM[12]=0x0000000000000000 0x0000000000000000
XMM[13]=0x0000000000000000 0x0000000000000000
XMM[14]=0x0000000000000000 0x0000000000000000
XMM[15]=0x0000000000000000 0x0000000000000000
  MXCSR=0x00001fa0


Register to memory mapping:

RAX=0x0000000000000010 is an unknown value
RBX=0x0 is null
RCX=0xffffffffffffffff is an unknown value
RDX=0x007ffce0142ff010 is an unknown value
RSP=0x00000053c53fed80 is pointing into the stack for thread: 0x000002285bb69270
RBP=0x000002285bbcae38 points into unknown readable memory: 0x0000000713e01ee8 | e8 1e e0 13 07 00 00 00
RSI=0x00000053c53feef0 is pointing into the stack for thread: 0x000002285bb69270
RDI=0x000002285bbcae38 points into unknown readable memory: 0x0000000713e01ee8 | e8 1e e0 13 07 00 00 00
R8 =0x0000000000000042 is an unknown value
R9 =0x0000000713e01ee8 is an oop: java.lang.Thread 
{0x0000000713e01ee8} - klass: 'java/lang/Thread' - flags: 

 - ---- fields (total size 14 words):
 - 'threadLocalRandomProbe' 'I' @12  0 (0x00000000)
 - private volatile 'eetop' 'J' @16  2371797084608 (0x000002283a1f69c0)
 - private final 'tid' 'J' @24  3 (0x0000000000000003)
 - 'threadLocalRandomSeed' 'J' @32  0 (0x0000000000000000)
 - injected 'jvmti_thread_state' 'J' @40  2373535744528 (0x00000228a1c14210)
 - 'threadLocalRandomSecondarySeed' 'I' @48  0 (0x00000000)
 - injected 'jvmti_VTMS_transition_disable_count' 'I' @52  0 (0x00000000)
 - injected 'jfr_epoch' 'S' @56  0 (0x0000)
 - volatile 'interrupted' 'Z' @58  false (0x00)
 - injected 'jvmti_is_in_VTMS_transition' 'Z' @59  false (0x00)
 - private volatile 'name' 'Ljava/lang/String;' @60  "main"{0x0000000713e01f58} (0xe27c03eb)
 - private volatile 'contextClassLoader' 'Ljava/lang/ClassLoader;' @64  a 'jdk/internal/loader/ClassLoaders$AppClassLoader'{0x0000000713e31708} (0xe27c62e1)
 - private final 'holder' 'Ljava/lang/Thread$FieldHolder;' @68  a 'java/lang/Thread$FieldHolder'{0x0000000713e01f98} (0xe27c03f3)
 - 'threadLocals' 'Ljava/lang/ThreadLocal$ThreadLocalMap;' @72  a 'java/lang/ThreadLocal$ThreadLocalMap'{0x0000000713c783c8} (0xe278f079)
 - 'inheritableThreadLocals' 'Ljava/lang/ThreadLocal$ThreadLocalMap;' @76  null (0x00000000)
 - private 'scopedValueBindings' 'Ljava/lang/Object;' @80  a 'java/lang/Class'{0x00000007ffe7c280} = 'java/lang/Thread' (0xfffcf850)
 - final 'interruptLock' 'Ljava/lang/Object;' @84  a 'java/lang/Object'{0x0000000713e01f88} (0xe27c03f1)
 - private volatile 'parkBlocker' 'Ljava/lang/Object;' @88  null (0x00000000)
 - private 'nioBlocker' 'Lsun/nio/ch/Interruptible;' @92  null (0x00000000)
 - private 'cont' 'Ljdk/internal/vm/Continuation;' @96  null (0x00000000)
 - private volatile 'uncaughtExceptionHandler' 'Ljava/lang/Thread$UncaughtExceptionHandler;' @100  null (0x00000000)
 - private 'container' 'Ljdk/internal/vm/ThreadContainer;' @104  null (0x00000000)
 - private volatile 'headStackableScopes' 'Ljdk/internal/vm/StackableScope;' @108  null (0x00000000)
R10=0x00007ffce03b9fc0 jvm.dll
R11=0x0000000000000002 is an unknown value
R12=0x00000053c53feef0 is pointing into the stack for thread: 0x000002285bb69270
R13=0x00000228a1b8a720 points into unknown readable memory: 0x00007ffce032a510 | 10 a5 32 e0 fc 7f 00 00
R14=0x000002285bb69638 points into unknown readable memory: 0x00007ffce03217b0 | b0 17 32 e0 fc 7f 00 00
R15=0x000002285bb69638 points into unknown readable memory: 0x00007ffce03217b0 | b0 17 32 e0 fc 7f 00 00

Top of Stack: (sp=0x00000053c53fed80)
0x00000053c53fed80:   00000053c53feef0 000002285bbcae38   ..?.S...8..[(...
0x00000053c53fed90:   0000000000000000 000002285bb699c0   ...........[(...
0x00000053c53feda0:   000000000000001f 00007ffd183d34db   .........4=.....
0x00000053c53fedb0:   0000000000000000 000002285bb69638   ........8..[(...
0x00000053c53fedc0:   00000053c53fee01 0000000000000000   ..?.S...........
0x00000053c53fedd0:   00000228a2bdc600 00007ffd183d2134   ....(...4!=.....
0x00000053c53fede0:   0000000000000000 000000000000001f   ................
0x00000053c53fedf0:   0000000000000000 000000000000001f   ................
0x00000053c53fee00:   0000000e5bd23b18 00000228a15519b0   .;.[......U.(...
0x00000053c53fee10:   00000228a2bdc600 00000228a2bdc67c   ....(...|...(...
0x00000053c53fee20:   00000228a2bdc6a8 000000000000080c   ....(...........
0x00000053c53fee30:   0000000000000000 0000000000000000   ................
0x00000053c53fee40:   0000000000000000 00007ffcdfb858e4   .........X......
0x00000053c53fee50:   00007ffd1852ae00 0000000000004dcc   ..R......M......
0x00000053c53fee60:   00007ffd1852ae00 00000000ffffffff   ..R.............
0x00000053c53fee70:   0000000000000000 00007ffd183d29aa   .........)=.....
0x00000053c53fee80:   000002285bb69638 0000000000000000   8..[(...........
0x00000053c53fee90:   00000053c53feef9 00000228a1b8a720   ..?.S... ...(...
0x00000053c53feea0:   0000000000000004 0000000000000048   ........H.......
0x00000053c53feeb0:   0000000800800310 0000000000000020   ........ .......
0x00000053c53feec0:   000002285bb69638 00007ffd1852ae00   8..[(.....R.....
0x00000053c53feed0:   000002285b6f3240 00000228a1c14210   @2o[(....B..(...
0x00000053c53feee0:   0000000800800390 000002285bb69638   ........8..[(...
0x00000053c53feef0:   00000228a1cbbb50 00000228a1cbbf30   P...(...0...(...
0x00000053c53fef00:   00000228a1cbbf30 00007ffd1852ae00   0...(.....R.....
0x00000053c53fef10:   000002285bd23b18 00000053c53ff088   .;.[(.....?.S...
0x00000053c53fef20:   00000053c53ff1c0 0000000000008840   ..?.S...@.......
0x00000053c53fef30:   00000053c53ff3a0 00007ffd1852ae50   ..?.S...P.R.....
0x00000053c53fef40:   0000000000989680 0000000000989680   ................
0x00000053c53fef50:   00000053c53ff060 00007ffd183cd561   `.?.S...a.<.....
0x00000053c53fef60:   00007ffd1852ae00 00007ffd1852ae58   ..R.....X.R.....
0x00000053c53fef70:   00007ffd00000000 00007ffc00000001   ................

Instructions: (pc=0x00007ffd183d3004)
  0x00007ffd183d2f04:   cc cc cc cc cc cc cc cc cc cc cc cc cc cc cc cc
  0x00007ffd183d2f14:   cc cc cc cc cc cc cc cc cc cc cc cc cc cc cc cc
  0x00007ffd183d2f24:   cc cc cc cc cc cc cc cc cc cc cc cc cc cc cc cc
  0x00007ffd183d2f34:   cc cc cc cc cc cc cc cc cc cc cc cc cc cc cc cc
  0x00007ffd183d2f44:   cc cc cc cc cc cc cc cc cc cc cc cc cc cc cc cc
  0x00007ffd183d2f54:   cc cc cc cc cc cc cc cc cc cc cc cc cc cc cc cc
  0x00007ffd183d2f64:   cc cc cc cc cc cc cc cc cc cc cc cc cc cc cc cc
  0x00007ffd183d2f74:   cc cc cc cc cc cc cc cc cc cc cc cc cc cc cc cc
  0x00007ffd183d2f84:   cc cc cc cc cc cc cc cc cc cc cc cc 40 57 48 83
  0x00007ffd183d2f94:   ec 20 48 8b f9 48 8b 0d 30 80 15 00 48 85 c9 74
  0x00007ffd183d2fa4:   20 48 8b 01 48 8d 54 24 38 41 b8 06 00 01 00 4c
  0x00007ffd183d2fb4:   8b 48 30 41 ff d1 85 c0 75 07 48 8b 4c 24 38 eb
  0x00007ffd183d2fc4:   02 33 c9 4c 8b 05 0a 81 15 00 48 89 5c 24 30 4d
  0x00007ffd183d2fd4:   85 c0 74 4a 48 8b 01 48 8b d7 4c 8b 88 28 03 00
  0x00007ffd183d2fe4:   00 41 ff d1 48 85 c0 74 35 48 63 0d b8 3d 15 00
  0x00007ffd183d2ff4:   48 8b 14 01 48 85 d2 74 15 48 63 05 bc 3d 15 00
=>0x00007ffd183d3004:   8b 04 10 48 8b 5c 24 30 48 83 c4 20 5f c3 b8 ff
  0x00007ffd183d3014:   ff ff ff 48 8b 5c 24 30 48 83 c4 20 5f c3 80 3d
  0x00007ffd183d3024:   bb 7f 15 00 00 bb ff ff ff ff 74 20 4c 8b 0d 51
  0x00007ffd183d3034:   7c 15 00 4c 8d 44 24 38 48 8b 0d 35 7c 15 00 48
  0x00007ffd183d3044:   8b d7 41 ff d1 85 c0 0f 44 5c 24 38 8b c3 48 8b
  0x00007ffd183d3054:   5c 24 30 48 83 c4 20 5f c3 cc cc cc cc cc cc cc
  0x00007ffd183d3064:   cc cc cc cc cc cc cc cc cc cc cc cc cc cc cc cc
  0x00007ffd183d3074:   cc cc cc cc cc cc cc cc cc cc cc cc cc cc cc cc
  0x00007ffd183d3084:   cc cc cc cc cc cc cc cc cc cc cc cc 48 89 54 24
  0x00007ffd183d3094:   10 53 55 56 57 41 56 41 57 48 83 ec 28 48 8b f2
  0x00007ffd183d30a4:   4c 8b f1 48 89 4c 24 78 45 33 ff 44 89 7c 24 68
  0x00007ffd183d30b4:   c7 44 24 60 01 00 00 00 48 8d 4c 24 68 e8 69 3c
  0x00007ffd183d30c4:   f7 ff 8b d8 48 8d 4c 24 60 e8 5d 3c f7 ff 8b e8
  0x00007ffd183d30d4:   49 8b ce e8 33 f3 f6 ff 48 8b f8 90 8b c3 f0 0f
  0x00007ffd183d30e4:   b1 2f 74 04 f3 90 eb f4 4c 89 3e 4c 89 7e 08 4c
  0x00007ffd183d30f4:   89 7e 10 49 8b 6e 08 4d 8b 76 10 49 3b ee 0f 84


Stack slot to memory mapping:

stack at sp + 0 slots: 0x00000053c53feef0 is pointing into the stack for thread: 0x000002285bb69270
stack at sp + 1 slots: 0x000002285bbcae38 points into unknown readable memory: 0x0000000713e01ee8 | e8 1e e0 13 07 00 00 00
stack at sp + 2 slots: 0x0 is null
stack at sp + 3 slots: 0x000002285bb699c0 points into unknown readable memory: 0x6e616c2e6176616a | 6a 61 76 61 2e 6c 61 6e
stack at sp + 4 slots: 0x000000000000001f is an unknown value
stack at sp + 5 slots: 0x00007ffd183d34db libasyncProfiler.dll
stack at sp + 6 slots: 0x0 is null
stack at sp + 7 slots: 0x000002285bb69638 points into unknown readable memory: 0x00007ffce03217b0 | b0 17 32 e0 fc 7f 00 00

Lock stack of current Java thread (top to bottom):


---------------  P R O C E S S  ---------------

Threads class SMR info:
_java_thread_list=0x00000228a1a4f610, length=20, elements={
0x000002283a1f69c0, 0x000002285bb622a0, 0x000002285bb62be0, 0x000002285bb67e70,
0x000002285bb69270, 0x000002285bb6de00, 0x000002285bb6eca0, 0x000002285bb6ade0,
0x000002285bb73540, 0x000002285bb6cf60, 0x000002285bb6c0c0, 0x000002285bb6f3f0,
0x000002285bb6c810, 0x000002285bb6d6b0, 0x000002285bb6e550, 0x00000228a1a92bb0,
0x00000228a185e870, 0x00000228a1a90e70, 0x00000228a185d950, 0x00000228a1a941a0
}

Java Threads: ( => current thread )
  0x000002283a1f69c0 JavaThread "main"                              [_thread_in_native, id=13124, stack(0x00000053c4800000,0x00000053c4900000) (1024K)]
  0x000002285bb622a0 JavaThread "Reference Handler"          daemon [_thread_blocked, id=6752, stack(0x00000053c5000000,0x00000053c5100000) (1024K)]
  0x000002285bb62be0 JavaThread "Finalizer"                  daemon [_thread_blocked, id=4976, stack(0x00000053c5100000,0x00000053c5200000) (1024K)]
  0x000002285bb67e70 JavaThread "Signal Dispatcher"          daemon [_thread_blocked, id=12420, stack(0x00000053c5200000,0x00000053c5300000) (1024K)]
=>0x000002285bb69270 JavaThread "Attach Listener"            daemon [_thread_in_native, id=13712, stack(0x00000053c5300000,0x00000053c5400000) (1024K)]
  0x000002285bb6de00 JavaThread "Service Thread"             daemon [_thread_blocked, id=20060, stack(0x00000053c5400000,0x00000053c5500000) (1024K)]
  0x000002285bb6eca0 JavaThread "Monitor Deflation Thread"   daemon [_thread_blocked, id=5424, stack(0x00000053c5500000,0x00000053c5600000) (1024K)]
  0x000002285bb6ade0 JavaThread "C2 CompilerThread0"         daemon [_thread_blocked, id=2104, stack(0x00000053c5600000,0x00000053c5700000) (1024K)]
  0x000002285bb73540 JavaThread "C1 CompilerThread0"         daemon [_thread_blocked, id=20116, stack(0x00000053c5700000,0x00000053c5800000) (1024K)]
  0x000002285bb6cf60 JavaThread "Common-Cleaner"             daemon [_thread_blocked, id=19556, stack(0x00000053c5800000,0x00000053c5900000) (1024K)]
  0x000002285bb6c0c0 JavaThread "Monitor Ctrl-Break"         daemon [_thread_in_native, id=13408, stack(0x00000053c5900000,0x00000053c5a00000) (1024K)]
  0x000002285bb6f3f0 JavaThread "Notification Thread"        daemon [_thread_blocked, id=1316, stack(0x00000053c5a00000,0x00000053c5b00000) (1024K)]
  0x000002285bb6c810 JavaThread "RMI TCP Accept-0"           daemon [_thread_in_native, id=18476, stack(0x00000053c5d00000,0x00000053c5e00000) (1024K)]
  0x000002285bb6d6b0 JavaThread "RMI TCP Connection(1)-192.168.152.241" daemon [_thread_in_native, id=5264, stack(0x00000053c5e00000,0x00000053c5f00000) (1024K)]
  0x000002285bb6e550 JavaThread "RMI Scheduler(0)"           daemon [_thread_blocked, id=19496, stack(0x00000053c5f00000,0x00000053c6000000) (1024K)]
  0x00000228a1a92bb0 JavaThread "JMX server connection timeout 31" daemon [_thread_blocked, id=17032, stack(0x00000053c6000000,0x00000053c6100000) (1024K)]
  0x00000228a185e870 JavaThread "C2 CompilerThread1"         daemon [_thread_blocked, id=16212, stack(0x00000053c5b00000,0x00000053c5c00000) (1024K)]
  0x00000228a1a90e70 JavaThread "JFR Recorder Thread"        daemon [_thread_in_native, id=20476, stack(0x00000053c5c00000,0x00000053c5d00000) (1024K)]
  0x00000228a185d950 JavaThread "C2 CompilerThread2"         daemon [_thread_blocked, id=8032, stack(0x00000053c6100000,0x00000053c6200000) (1024K)]
  0x00000228a1a941a0 JavaThread "JFR Periodic Tasks"         daemon [_thread_blocked, id=2060, stack(0x00000053c6200000,0x00000053c6300000) (1024K)]
Total: 20

Other Threads:
  0x000002285b5ba130 VMThread "VM Thread"                           [id=18068, stack(0x00000053c4f00000,0x00000053c5000000) (1024K)]
  0x000002285b6f0a50 WatcherThread "VM Periodic Task Thread"        [id=6180, stack(0x00000053c4e00000,0x00000053c4f00000) (1024K)]
  0x000002283c5b1cf0 WorkerThread "GC Thread#0"                     [id=11320, stack(0x00000053c4900000,0x00000053c4a00000) (1024K)]
  0x000002283c5c6700 ConcurrentGCThread "G1 Main Marker"            [id=11644, stack(0x00000053c4a00000,0x00000053c4b00000) (1024K)]
  0x000002283c5c8020 WorkerThread "G1 Conc#0"                       [id=5900, stack(0x00000053c4b00000,0x00000053c4c00000) (1024K)]
  0x000002285b5a84a0 ConcurrentGCThread "G1 Refine#0"               [id=16964, stack(0x00000053c4c00000,0x00000053c4d00000) (1024K)]
  0x000002285b5a9de0 ConcurrentGCThread "G1 Service"                [id=16432, stack(0x00000053c4d00000,0x00000053c4e00000) (1024K)]
Total: 7

Threads with active compile tasks:
Total: 0

VM state: not at safepoint (normal execution)

VM Mutex/Monitor currently owned by a thread: None

Heap address: 0x0000000704400000, size: 4028 MB, Compressed Oops mode: Zero based, Oop shift amount: 3

CDS archive(s) mapped at: [0x000002285c000000-0x000002285cd40000-0x000002285cd40000), size 13893632, SharedBaseAddress: 0x000002285c000000, ArchiveRelocationMode: 1.
Compressed class space mapped at: 0x000002285d000000-0x000002289d000000, reserved size: 1073741824
UseCompressedClassPointers 1, UseCompactObjectHeaders 0
Narrow klass pointer bits 32, Max shift 3
Narrow klass base: 0x000002285c000000, Narrow klass shift: 0
Encoding Range: [0x000002285c000000 - 0x000002295c000000), (4294967296 bytes)
Klass Range:    [0x000002285c000000 - 0x000002289d000000), (1090519040 bytes)
Klass ID Range:  [8 - 1090519033) (1090519025)

GC Precious Log:
 CardTable entry size: 512
 Card Set container configuration: InlinePtr #cards 4 size 8 Array Of Cards #cards 16 size 48 Howl #buckets 8 coarsen threshold 3686 Howl Bitmap #cards 512 size 80 coarsen threshold 460 Card regions per heap region 1 cards per card region 4096
 CPUs: 8 total, 8 available
 Memory: 16107M
 Large Page Support: Disabled
 NUMA Support: Disabled
 Compressed Oops: Enabled (Zero based)
 Heap Region Size: 2M
 Heap Min Capacity: 8M
 Heap Initial Capacity: 252M
 Heap Max Capacity: 4028M
 Pre-touch: Disabled
 Parallel Workers: 8
 Concurrent Workers: 2
 Concurrent Refinement Workers: 8
 Periodic GC: Disabled

Heap:
 garbage-first heap   total reserved 4124672K, committed 260096K, used 31856K [0x0000000704400000, 0x0000000800000000)
  region size 2048K, 17 young (34816K), 0 survivors (0K)
 Metaspace       used 7746K, committed 8000K, reserved 1114112K
  class space    used 726K, committed 832K, reserved 1048576K

Heap Regions: E=young(eden), S=young(survivor), O=old, HS=humongous(starts), HC=humongous(continues), CS=collection set, F=free, TAMS=top-at-mark-start, PB=parsable bottom
|   0|0x0000000704400000, 0x0000000704400000, 0x0000000704600000|  0%| F|  |TAMS 0x0000000704400000| PB 0x0000000704400000| Untracked |  0
|   1|0x0000000704600000, 0x0000000704600000, 0x0000000704800000|  0%| F|  |TAMS 0x0000000704600000| PB 0x0000000704600000| Untracked |  0
|   2|0x0000000704800000, 0x0000000704800000, 0x0000000704a00000|  0%| F|  |TAMS 0x0000000704800000| PB 0x0000000704800000| Untracked |  0
|   3|0x0000000704a00000, 0x0000000704a00000, 0x0000000704c00000|  0%| F|  |TAMS 0x0000000704a00000| PB 0x0000000704a00000| Untracked |  0
|   4|0x0000000704c00000, 0x0000000704c00000, 0x0000000704e00000|  0%| F|  |TAMS 0x0000000704c00000| PB 0x0000000704c00000| Untracked |  0
|   5|0x0000000704e00000, 0x0000000704e00000, 0x0000000705000000|  0%| F|  |TAMS 0x0000000704e00000| PB 0x0000000704e00000| Untracked |  0
|   6|0x0000000705000000, 0x0000000705000000, 0x0000000705200000|  0%| F|  |TAMS 0x0000000705000000| PB 0x0000000705000000| Untracked |  0
|   7|0x0000000705200000, 0x0000000705200000, 0x0000000705400000|  0%| F|  |TAMS 0x0000000705200000| PB 0x0000000705200000| Untracked |  0
|   8|0x0000000705400000, 0x0000000705400000, 0x0000000705600000|  0%| F|  |TAMS 0x0000000705400000| PB 0x0000000705400000| Untracked |  0
|   9|0x0000000705600000, 0x0000000705600000, 0x0000000705800000|  0%| F|  |TAMS 0x0000000705600000| PB 0x0000000705600000| Untracked |  0
|  10|0x0000000705800000, 0x0000000705800000, 0x0000000705a00000|  0%| F|  |TAMS 0x0000000705800000| PB 0x0000000705800000| Untracked |  0
|  11|0x0000000705a00000, 0x0000000705a00000, 0x0000000705c00000|  0%| F|  |TAMS 0x0000000705a00000| PB 0x0000000705a00000| Untracked |  0
|  12|0x0000000705c00000, 0x0000000705c00000, 0x0000000705e00000|  0%| F|  |TAMS 0x0000000705c00000| PB 0x0000000705c00000| Untracked |  0
|  13|0x0000000705e00000, 0x0000000705e00000, 0x0000000706000000|  0%| F|  |TAMS 0x0000000705e00000| PB 0x0000000705e00000| Untracked |  0
|  14|0x0000000706000000, 0x0000000706000000, 0x0000000706200000|  0%| F|  |TAMS 0x0000000706000000| PB 0x0000000706000000| Untracked |  0
|  15|0x0000000706200000, 0x0000000706200000, 0x0000000706400000|  0%| F|  |TAMS 0x0000000706200000| PB 0x0000000706200000| Untracked |  0
|  16|0x0000000706400000, 0x0000000706400000, 0x0000000706600000|  0%| F|  |TAMS 0x0000000706400000| PB 0x0000000706400000| Untracked |  0
|  17|0x0000000706600000, 0x0000000706600000, 0x0000000706800000|  0%| F|  |TAMS 0x0000000706600000| PB 0x0000000706600000| Untracked |  0
|  18|0x0000000706800000, 0x0000000706800000, 0x0000000706a00000|  0%| F|  |TAMS 0x0000000706800000| PB 0x0000000706800000| Untracked |  0
|  19|0x0000000706a00000, 0x0000000706a00000, 0x0000000706c00000|  0%| F|  |TAMS 0x0000000706a00000| PB 0x0000000706a00000| Untracked |  0
|  20|0x0000000706c00000, 0x0000000706c00000, 0x0000000706e00000|  0%| F|  |TAMS 0x0000000706c00000| PB 0x0000000706c00000| Untracked |  0
|  21|0x0000000706e00000, 0x0000000706e00000, 0x0000000707000000|  0%| F|  |TAMS 0x0000000706e00000| PB 0x0000000706e00000| Untracked |  0
|  22|0x0000000707000000, 0x0000000707000000, 0x0000000707200000|  0%| F|  |TAMS 0x0000000707000000| PB 0x0000000707000000| Untracked |  0
|  23|0x0000000707200000, 0x0000000707200000, 0x0000000707400000|  0%| F|  |TAMS 0x0000000707200000| PB 0x0000000707200000| Untracked |  0
|  24|0x0000000707400000, 0x0000000707400000, 0x0000000707600000|  0%| F|  |TAMS 0x0000000707400000| PB 0x0000000707400000| Untracked |  0
|  25|0x0000000707600000, 0x0000000707600000, 0x0000000707800000|  0%| F|  |TAMS 0x0000000707600000| PB 0x0000000707600000| Untracked |  0
|  26|0x0000000707800000, 0x0000000707800000, 0x0000000707a00000|  0%| F|  |TAMS 0x0000000707800000| PB 0x0000000707800000| Untracked |  0
|  27|0x0000000707a00000, 0x0000000707a00000, 0x0000000707c00000|  0%| F|  |TAMS 0x0000000707a00000| PB 0x0000000707a00000| Untracked |  0
|  28|0x0000000707c00000, 0x0000000707c00000, 0x0000000707e00000|  0%| F|  |TAMS 0x0000000707c00000| PB 0x0000000707c00000| Untracked |  0
|  29|0x0000000707e00000, 0x0000000707e00000, 0x0000000708000000|  0%| F|  |TAMS 0x0000000707e00000| PB 0x0000000707e00000| Untracked |  0
|  30|0x0000000708000000, 0x0000000708000000, 0x0000000708200000|  0%| F|  |TAMS 0x0000000708000000| PB 0x0000000708000000| Untracked |  0
|  31|0x0000000708200000, 0x0000000708200000, 0x0000000708400000|  0%| F|  |TAMS 0x0000000708200000| PB 0x0000000708200000| Untracked |  0
|  32|0x0000000708400000, 0x0000000708400000, 0x0000000708600000|  0%| F|  |TAMS 0x0000000708400000| PB 0x0000000708400000| Untracked |  0
|  33|0x0000000708600000, 0x0000000708600000, 0x0000000708800000|  0%| F|  |TAMS 0x0000000708600000| PB 0x0000000708600000| Untracked |  0
|  34|0x0000000708800000, 0x0000000708800000, 0x0000000708a00000|  0%| F|  |TAMS 0x0000000708800000| PB 0x0000000708800000| Untracked |  0
|  35|0x0000000708a00000, 0x0000000708a00000, 0x0000000708c00000|  0%| F|  |TAMS 0x0000000708a00000| PB 0x0000000708a00000| Untracked |  0
|  36|0x0000000708c00000, 0x0000000708c00000, 0x0000000708e00000|  0%| F|  |TAMS 0x0000000708c00000| PB 0x0000000708c00000| Untracked |  0
|  37|0x0000000708e00000, 0x0000000708e00000, 0x0000000709000000|  0%| F|  |TAMS 0x0000000708e00000| PB 0x0000000708e00000| Untracked |  0
|  38|0x0000000709000000, 0x0000000709000000, 0x0000000709200000|  0%| F|  |TAMS 0x0000000709000000| PB 0x0000000709000000| Untracked |  0
|  39|0x0000000709200000, 0x0000000709200000, 0x0000000709400000|  0%| F|  |TAMS 0x0000000709200000| PB 0x0000000709200000| Untracked |  0
|  40|0x0000000709400000, 0x0000000709400000, 0x0000000709600000|  0%| F|  |TAMS 0x0000000709400000| PB 0x0000000709400000| Untracked |  0
|  41|0x0000000709600000, 0x0000000709600000, 0x0000000709800000|  0%| F|  |TAMS 0x0000000709600000| PB 0x0000000709600000| Untracked |  0
|  42|0x0000000709800000, 0x0000000709800000, 0x0000000709a00000|  0%| F|  |TAMS 0x0000000709800000| PB 0x0000000709800000| Untracked |  0
|  43|0x0000000709a00000, 0x0000000709a00000, 0x0000000709c00000|  0%| F|  |TAMS 0x0000000709a00000| PB 0x0000000709a00000| Untracked |  0
|  44|0x0000000709c00000, 0x0000000709c00000, 0x0000000709e00000|  0%| F|  |TAMS 0x0000000709c00000| PB 0x0000000709c00000| Untracked |  0
|  45|0x0000000709e00000, 0x0000000709e00000, 0x000000070a000000|  0%| F|  |TAMS 0x0000000709e00000| PB 0x0000000709e00000| Untracked |  0
|  46|0x000000070a000000, 0x000000070a000000, 0x000000070a200000|  0%| F|  |TAMS 0x000000070a000000| PB 0x000000070a000000| Untracked |  0
|  47|0x000000070a200000, 0x000000070a200000, 0x000000070a400000|  0%| F|  |TAMS 0x000000070a200000| PB 0x000000070a200000| Untracked |  0
|  48|0x000000070a400000, 0x000000070a400000, 0x000000070a600000|  0%| F|  |TAMS 0x000000070a400000| PB 0x000000070a400000| Untracked |  0
|  49|0x000000070a600000, 0x000000070a600000, 0x000000070a800000|  0%| F|  |TAMS 0x000000070a600000| PB 0x000000070a600000| Untracked |  0
|  50|0x000000070a800000, 0x000000070a800000, 0x000000070aa00000|  0%| F|  |TAMS 0x000000070a800000| PB 0x000000070a800000| Untracked |  0
|  51|0x000000070aa00000, 0x000000070aa00000, 0x000000070ac00000|  0%| F|  |TAMS 0x000000070aa00000| PB 0x000000070aa00000| Untracked |  0
|  52|0x000000070ac00000, 0x000000070ac00000, 0x000000070ae00000|  0%| F|  |TAMS 0x000000070ac00000| PB 0x000000070ac00000| Untracked |  0
|  53|0x000000070ae00000, 0x000000070ae00000, 0x000000070b000000|  0%| F|  |TAMS 0x000000070ae00000| PB 0x000000070ae00000| Untracked |  0
|  54|0x000000070b000000, 0x000000070b000000, 0x000000070b200000|  0%| F|  |TAMS 0x000000070b000000| PB 0x000000070b000000| Untracked |  0
|  55|0x000000070b200000, 0x000000070b200000, 0x000000070b400000|  0%| F|  |TAMS 0x000000070b200000| PB 0x000000070b200000| Untracked |  0
|  56|0x000000070b400000, 0x000000070b400000, 0x000000070b600000|  0%| F|  |TAMS 0x000000070b400000| PB 0x000000070b400000| Untracked |  0
|  57|0x000000070b600000, 0x000000070b600000, 0x000000070b800000|  0%| F|  |TAMS 0x000000070b600000| PB 0x000000070b600000| Untracked |  0
|  58|0x000000070b800000, 0x000000070b800000, 0x000000070ba00000|  0%| F|  |TAMS 0x000000070b800000| PB 0x000000070b800000| Untracked |  0
|  59|0x000000070ba00000, 0x000000070ba00000, 0x000000070bc00000|  0%| F|  |TAMS 0x000000070ba00000| PB 0x000000070ba00000| Untracked |  0
|  60|0x000000070bc00000, 0x000000070bc00000, 0x000000070be00000|  0%| F|  |TAMS 0x000000070bc00000| PB 0x000000070bc00000| Untracked |  0
|  61|0x000000070be00000, 0x000000070be00000, 0x000000070c000000|  0%| F|  |TAMS 0x000000070be00000| PB 0x000000070be00000| Untracked |  0
|  62|0x000000070c000000, 0x000000070c000000, 0x000000070c200000|  0%| F|  |TAMS 0x000000070c000000| PB 0x000000070c000000| Untracked |  0
|  63|0x000000070c200000, 0x000000070c200000, 0x000000070c400000|  0%| F|  |TAMS 0x000000070c200000| PB 0x000000070c200000| Untracked |  0
|  64|0x000000070c400000, 0x000000070c400000, 0x000000070c600000|  0%| F|  |TAMS 0x000000070c400000| PB 0x000000070c400000| Untracked |  0
|  65|0x000000070c600000, 0x000000070c600000, 0x000000070c800000|  0%| F|  |TAMS 0x000000070c600000| PB 0x000000070c600000| Untracked |  0
|  66|0x000000070c800000, 0x000000070c800000, 0x000000070ca00000|  0%| F|  |TAMS 0x000000070c800000| PB 0x000000070c800000| Untracked |  0
|  67|0x000000070ca00000, 0x000000070ca00000, 0x000000070cc00000|  0%| F|  |TAMS 0x000000070ca00000| PB 0x000000070ca00000| Untracked |  0
|  68|0x000000070cc00000, 0x000000070cc00000, 0x000000070ce00000|  0%| F|  |TAMS 0x000000070cc00000| PB 0x000000070cc00000| Untracked |  0
|  69|0x000000070ce00000, 0x000000070ce00000, 0x000000070d000000|  0%| F|  |TAMS 0x000000070ce00000| PB 0x000000070ce00000| Untracked |  0
|  70|0x000000070d000000, 0x000000070d000000, 0x000000070d200000|  0%| F|  |TAMS 0x000000070d000000| PB 0x000000070d000000| Untracked |  0
|  71|0x000000070d200000, 0x000000070d200000, 0x000000070d400000|  0%| F|  |TAMS 0x000000070d200000| PB 0x000000070d200000| Untracked |  0
|  72|0x000000070d400000, 0x000000070d400000, 0x000000070d600000|  0%| F|  |TAMS 0x000000070d400000| PB 0x000000070d400000| Untracked |  0
|  73|0x000000070d600000, 0x000000070d600000, 0x000000070d800000|  0%| F|  |TAMS 0x000000070d600000| PB 0x000000070d600000| Untracked |  0
|  74|0x000000070d800000, 0x000000070d800000, 0x000000070da00000|  0%| F|  |TAMS 0x000000070d800000| PB 0x000000070d800000| Untracked |  0
|  75|0x000000070da00000, 0x000000070da00000, 0x000000070dc00000|  0%| F|  |TAMS 0x000000070da00000| PB 0x000000070da00000| Untracked |  0
|  76|0x000000070dc00000, 0x000000070dc00000, 0x000000070de00000|  0%| F|  |TAMS 0x000000070dc00000| PB 0x000000070dc00000| Untracked |  0
|  77|0x000000070de00000, 0x000000070de00000, 0x000000070e000000|  0%| F|  |TAMS 0x000000070de00000| PB 0x000000070de00000| Untracked |  0
|  78|0x000000070e000000, 0x000000070e000000, 0x000000070e200000|  0%| F|  |TAMS 0x000000070e000000| PB 0x000000070e000000| Untracked |  0
|  79|0x000000070e200000, 0x000000070e200000, 0x000000070e400000|  0%| F|  |TAMS 0x000000070e200000| PB 0x000000070e200000| Untracked |  0
|  80|0x000000070e400000, 0x000000070e400000, 0x000000070e600000|  0%| F|  |TAMS 0x000000070e400000| PB 0x000000070e400000| Untracked |  0
|  81|0x000000070e600000, 0x000000070e600000, 0x000000070e800000|  0%| F|  |TAMS 0x000000070e600000| PB 0x000000070e600000| Untracked |  0
|  82|0x000000070e800000, 0x000000070e800000, 0x000000070ea00000|  0%| F|  |TAMS 0x000000070e800000| PB 0x000000070e800000| Untracked |  0
|  83|0x000000070ea00000, 0x000000070ea00000, 0x000000070ec00000|  0%| F|  |TAMS 0x000000070ea00000| PB 0x000000070ea00000| Untracked |  0
|  84|0x000000070ec00000, 0x000000070ec00000, 0x000000070ee00000|  0%| F|  |TAMS 0x000000070ec00000| PB 0x000000070ec00000| Untracked |  0
|  85|0x000000070ee00000, 0x000000070ee00000, 0x000000070f000000|  0%| F|  |TAMS 0x000000070ee00000| PB 0x000000070ee00000| Untracked |  0
|  86|0x000000070f000000, 0x000000070f000000, 0x000000070f200000|  0%| F|  |TAMS 0x000000070f000000| PB 0x000000070f000000| Untracked |  0
|  87|0x000000070f200000, 0x000000070f200000, 0x000000070f400000|  0%| F|  |TAMS 0x000000070f200000| PB 0x000000070f200000| Untracked |  0
|  88|0x000000070f400000, 0x000000070f400000, 0x000000070f600000|  0%| F|  |TAMS 0x000000070f400000| PB 0x000000070f400000| Untracked |  0
|  89|0x000000070f600000, 0x000000070f600000, 0x000000070f800000|  0%| F|  |TAMS 0x000000070f600000| PB 0x000000070f600000| Untracked |  0
|  90|0x000000070f800000, 0x000000070f800000, 0x000000070fa00000|  0%| F|  |TAMS 0x000000070f800000| PB 0x000000070f800000| Untracked |  0
|  91|0x000000070fa00000, 0x000000070fa00000, 0x000000070fc00000|  0%| F|  |TAMS 0x000000070fa00000| PB 0x000000070fa00000| Untracked |  0
|  92|0x000000070fc00000, 0x000000070fc00000, 0x000000070fe00000|  0%| F|  |TAMS 0x000000070fc00000| PB 0x000000070fc00000| Untracked |  0
|  93|0x000000070fe00000, 0x000000070fe00000, 0x0000000710000000|  0%| F|  |TAMS 0x000000070fe00000| PB 0x000000070fe00000| Untracked |  0
|  94|0x0000000710000000, 0x0000000710000000, 0x0000000710200000|  0%| F|  |TAMS 0x0000000710000000| PB 0x0000000710000000| Untracked |  0
|  95|0x0000000710200000, 0x0000000710200000, 0x0000000710400000|  0%| F|  |TAMS 0x0000000710200000| PB 0x0000000710200000| Untracked |  0
|  96|0x0000000710400000, 0x0000000710400000, 0x0000000710600000|  0%| F|  |TAMS 0x0000000710400000| PB 0x0000000710400000| Untracked |  0
|  97|0x0000000710600000, 0x0000000710600000, 0x0000000710800000|  0%| F|  |TAMS 0x0000000710600000| PB 0x0000000710600000| Untracked |  0
|  98|0x0000000710800000, 0x0000000710800000, 0x0000000710a00000|  0%| F|  |TAMS 0x0000000710800000| PB 0x0000000710800000| Untracked |  0
|  99|0x0000000710a00000, 0x0000000710a00000, 0x0000000710c00000|  0%| F|  |TAMS 0x0000000710a00000| PB 0x0000000710a00000| Untracked |  0
| 100|0x0000000710c00000, 0x0000000710c00000, 0x0000000710e00000|  0%| F|  |TAMS 0x0000000710c00000| PB 0x0000000710c00000| Untracked |  0
| 101|0x0000000710e00000, 0x0000000710e00000, 0x0000000711000000|  0%| F|  |TAMS 0x0000000710e00000| PB 0x0000000710e00000| Untracked |  0
| 102|0x0000000711000000, 0x0000000711000000, 0x0000000711200000|  0%| F|  |TAMS 0x0000000711000000| PB 0x0000000711000000| Untracked |  0
| 103|0x0000000711200000, 0x0000000711200000, 0x0000000711400000|  0%| F|  |TAMS 0x0000000711200000| PB 0x0000000711200000| Untracked |  0
| 104|0x0000000711400000, 0x0000000711400000, 0x0000000711600000|  0%| F|  |TAMS 0x0000000711400000| PB 0x0000000711400000| Untracked |  0
| 105|0x0000000711600000, 0x0000000711600000, 0x0000000711800000|  0%| F|  |TAMS 0x0000000711600000| PB 0x0000000711600000| Untracked |  0
| 106|0x0000000711800000, 0x0000000711800000, 0x0000000711a00000|  0%| F|  |TAMS 0x0000000711800000| PB 0x0000000711800000| Untracked |  0
| 107|0x0000000711a00000, 0x0000000711a00000, 0x0000000711c00000|  0%| F|  |TAMS 0x0000000711a00000| PB 0x0000000711a00000| Untracked |  0
| 108|0x0000000711c00000, 0x0000000711c00000, 0x0000000711e00000|  0%| F|  |TAMS 0x0000000711c00000| PB 0x0000000711c00000| Untracked |  0
| 109|0x0000000711e00000, 0x0000000711f0fc80, 0x0000000712000000| 53%| E|  |TAMS 0x0000000711e00000| PB 0x0000000711e00000| Complete |  0
| 110|0x0000000712000000, 0x0000000712200000, 0x0000000712200000|100%| E|  |TAMS 0x0000000712000000| PB 0x0000000712000000| Complete |  0
| 111|0x0000000712200000, 0x0000000712400000, 0x0000000712400000|100%| E|CS|TAMS 0x0000000712200000| PB 0x0000000712200000| Complete |  0
| 112|0x0000000712400000, 0x0000000712600000, 0x0000000712600000|100%| E|CS|TAMS 0x0000000712400000| PB 0x0000000712400000| Complete |  0
| 113|0x0000000712600000, 0x0000000712800000, 0x0000000712800000|100%| E|CS|TAMS 0x0000000712600000| PB 0x0000000712600000| Complete |  0
| 114|0x0000000712800000, 0x0000000712a00000, 0x0000000712a00000|100%| E|CS|TAMS 0x0000000712800000| PB 0x0000000712800000| Complete |  0
| 115|0x0000000712a00000, 0x0000000712c00000, 0x0000000712c00000|100%| E|CS|TAMS 0x0000000712a00000| PB 0x0000000712a00000| Complete |  0
| 116|0x0000000712c00000, 0x0000000712e00000, 0x0000000712e00000|100%| E|CS|TAMS 0x0000000712c00000| PB 0x0000000712c00000| Complete |  0
| 117|0x0000000712e00000, 0x0000000713000000, 0x0000000713000000|100%| E|CS|TAMS 0x0000000712e00000| PB 0x0000000712e00000| Complete |  0
| 118|0x0000000713000000, 0x0000000713200000, 0x0000000713200000|100%| E|CS|TAMS 0x0000000713000000| PB 0x0000000713000000| Complete |  0
| 119|0x0000000713200000, 0x0000000713400000, 0x0000000713400000|100%| E|CS|TAMS 0x0000000713200000| PB 0x0000000713200000| Complete |  0
| 120|0x0000000713400000, 0x0000000713600000, 0x0000000713600000|100%| E|CS|TAMS 0x0000000713400000| PB 0x0000000713400000| Complete |  0
| 121|0x0000000713600000, 0x0000000713800000, 0x0000000713800000|100%| E|CS|TAMS 0x0000000713600000| PB 0x0000000713600000| Complete |  0
| 122|0x0000000713800000, 0x0000000713a00000, 0x0000000713a00000|100%| E|CS|TAMS 0x0000000713800000| PB 0x0000000713800000| Complete |  0
| 123|0x0000000713a00000, 0x0000000713c00000, 0x0000000713c00000|100%| E|CS|TAMS 0x0000000713a00000| PB 0x0000000713a00000| Complete |  0
| 124|0x0000000713c00000, 0x0000000713e00000, 0x0000000713e00000|100%| E|CS|TAMS 0x0000000713c00000| PB 0x0000000713c00000| Complete |  0
| 125|0x0000000713e00000, 0x0000000714000000, 0x0000000714000000|100%| E|CS|TAMS 0x0000000713e00000| PB 0x0000000713e00000| Complete |  0
|2013|0x00000007ffe00000, 0x00000007fff1c348, 0x0000000800000000| 55%| O|  |TAMS 0x00000007ffe00000| PB 0x00000007ffe00000| Untracked |  0

Card table byte_map: [0x0000022854a10000,0x00000228551f0000] _byte_map_base: 0x00000228511ee000

Marking Bits: (CMBitMap*) 0x000002283c5b2310
 Bits: [0x00000228551f0000, 0x00000228590e0000)

Polling page: 0x000002283a450000

Metaspace:

Usage:
  Non-class:      6.86 MB used.
      Class:    726.22 KB used.
       Both:      7.56 MB used.

Virtual space:
  Non-class space:       64.00 MB reserved,       7.00 MB ( 11%) committed,  1 nodes.
      Class space:        1.00 GB reserved,     832.00 KB ( <1%) committed,  1 nodes.
             Both:        1.06 GB reserved,       7.81 MB ( <1%) committed. 

Chunk freelists:
   Non-Class:  8.97 MB
       Class:  15.19 MB
        Both:  24.17 MB

MaxMetaspaceSize: unlimited
CompressedClassSpaceSize: 1.00 GB
Initial GC threshold: 21.00 MB
Current GC threshold: 21.00 MB
CDS: on
 - commit_granule_bytes: 65536.
 - commit_granule_words: 8192.
 - virtual_space_node_default_size: 8388608.
 - enlarge_chunks_in_place: 1.
UseCompressedClassPointers 1, UseCompactObjectHeaders 0
Narrow klass pointer bits 32, Max shift 3
Narrow klass base: 0x000002285c000000, Narrow klass shift: 0
Encoding Range: [0x000002285c000000 - 0x000002295c000000), (4294967296 bytes)
Klass Range:    [0x000002285c000000 - 0x000002289d000000), (1090519040 bytes)
Klass ID Range:  [8 - 1090519033) (1090519025)


Internal statistics:

num_allocs_failed_limit: 0.
num_arena_births: 188.
num_arena_deaths: 0.
num_vsnodes_births: 2.
num_vsnodes_deaths: 0.
num_space_committed: 125.
num_space_uncommitted: 0.
num_chunks_returned_to_freelist: 0.
num_chunks_taken_from_freelist: 264.
num_chunk_merges: 0.
num_chunk_splits: 147.
num_chunks_enlarged: 42.
num_inconsistent_stats: 0.

CodeHeap 'non-profiled nmethods': size=120064Kb used=618Kb max_used=618Kb free=119446Kb
 bounds [0x000002284c8b0000, 0x000002284cb20000, 0x0000022853df0000]
CodeHeap 'profiled nmethods': size=120000Kb used=2569Kb max_used=2569Kb free=117430Kb
 bounds [0x0000022844df0000, 0x0000022845080000, 0x000002284c320000]
CodeHeap 'non-nmethods': size=5696Kb used=1462Kb max_used=1510Kb free=4233Kb
 bounds [0x000002284c320000, 0x000002284c590000, 0x000002284c8b0000]
CodeCache: size=245760Kb, used=4649Kb, max_used=4697Kb, free=241109Kb
 total_blobs=2388, nmethods=1880, adapters=413, full_count=0
Compilation: enabled, stopped_count=0, restarted_count=0

Compilation events (20 events):
Event: 6.116 Thread 0x000002285bb73540 1871       1       jdk.jfr.internal.EventControl::getSettingsId (5 bytes)
Event: 6.116 Thread 0x000002285bb73540 nmethod 1871 0x000002284c949908 code [0x000002284c949a00, 0x000002284c949ac8]
Event: 6.116 Thread 0x000002285bb73540 1872       1       jdk.jfr.internal.EventControl::getNamedControls (5 bytes)
Event: 6.116 Thread 0x000002285bb73540 nmethod 1872 0x000002284c949c08 code [0x000002284c949d00, 0x000002284c949dc8]
Event: 6.116 Thread 0x000002285bb73540 1874       3       java.util.HashSet::size (8 bytes)
Event: 6.116 Thread 0x000002285bb73540 nmethod 1874 0x000002284506e008 code [0x000002284506e120, 0x000002284506e2d0]
Event: 6.116 Thread 0x000002285bb73540 1873       1       jdk.jfr.internal.PlatformEventType::isEnabled (5 bytes)
Event: 6.116 Thread 0x000002285bb73540 nmethod 1873 0x000002284c949f08 code [0x000002284c94a000, 0x000002284c94a0c8]
Event: 6.116 Thread 0x000002285bb73540 1875   !   3       jdk.jfr.internal.Control::setValue (102 bytes)
Event: 6.117 Thread 0x000002285bb73540 nmethod 1875 0x000002284506e308 code [0x000002284506e5a0, 0x000002284506f9f8]
Event: 6.118 Thread 0x000002285bb73540 1876       1       jdk.jfr.internal.periodic.EventTask::getEventType (5 bytes)
Event: 6.118 Thread 0x000002285bb73540 nmethod 1876 0x000002284c94a208 code [0x000002284c94a300, 0x000002284c94a3c8]
Event: 6.118 Thread 0x000002285bb73540 1877       1       jdk.jfr.internal.periodic.PeriodicTask::getPeriod (5 bytes)
Event: 6.119 Thread 0x000002285bb73540 nmethod 1877 0x000002284c94a508 code [0x000002284c94a600, 0x000002284c94a6c8]
Event: 6.119 Thread 0x000002285bb73540 1878       3       java.util.Comparator$$Lambda/0x000002285d0a2808::compare (10 bytes)
Event: 6.119 Thread 0x000002285bb73540 nmethod 1878 0x000002284506fa88 code [0x000002284506fbe0, 0x0000022845070058]
Event: 6.119 Thread 0x000002285bb73540 1879       3       java.util.Comparator::lambda$comparingLong$6043328a$1 (18 bytes)
Event: 6.119 Thread 0x000002285bb73540 nmethod 1879 0x0000022845070088 code [0x00000228450701e0, 0x00000228450705c0]
Event: 6.119 Thread 0x000002285bb73540 1880       3       jdk.internal.classfile.impl.AbstractPoolEntry$Utf8EntryImpl::equalsString (215 bytes)
Event: 6.120 Thread 0x000002285bb73540 nmethod 1880 0x0000022845070608 code [0x0000022845070900, 0x00000228450724b8]

GC Heap History (0 events):
No events

Dll operation events (12 events):
Event: 0.008 Loaded shared library C:\Users\seont\.jdks\openjdk-24\bin\java.dll
Event: 0.033 Loaded shared library C:\Users\seont\.jdks\openjdk-24\bin\jsvml.dll
Event: 0.067 Loaded shared library C:\Users\seont\.jdks\openjdk-24\bin\zip.dll
Event: 0.071 Loaded shared library C:\Users\seont\.jdks\openjdk-24\bin\instrument.dll
Event: 0.074 Loaded shared library C:\Users\seont\.jdks\openjdk-24\bin\net.dll
Event: 0.075 Loaded shared library C:\Users\seont\.jdks\openjdk-24\bin\nio.dll
Event: 0.079 Loaded shared library C:\Users\seont\.jdks\openjdk-24\bin\zip.dll
Event: 0.097 Loaded shared library C:\Users\seont\.jdks\openjdk-24\bin\extnet.dll
Event: 0.109 Loaded shared library C:\Users\seont\.jdks\openjdk-24\bin\jimage.dll
Event: 0.143 Loaded shared library C:\Users\seont\.jdks\openjdk-24\bin\management.dll
Event: 0.151 Loaded shared library C:\Users\seont\.jdks\openjdk-24\bin\management_ext.dll
Event: 5.931 Loaded shared library C:\Users\seont\AppData\Local\Temp\idea_libasyncProfiler_dll_temp_folder1\libasyncProfiler.dll

Deoptimization events (20 events):
Event: 6.051 Thread 0x000002285bb69270 Uncommon trap: trap_request=0xffffff4d fr.pc=0x000002284c932a60 relative=0x00000000000000c0
Event: 6.051 Thread 0x000002285bb69270 Uncommon trap: reason=unstable_if action=reinterpret pc=0x000002284c932a60 method=jdk.jfr.internal.Type.getKnownType(Ljava/lang/Class;)Ljdk/jfr/internal/Type; @ 47 c2
Event: 6.051 Thread 0x000002285bb69270 DEOPT PACKING pc=0x000002284c932a60 sp=0x00000053c53fdfe0
Event: 6.051 Thread 0x000002285bb69270 DEOPT UNPACKING pc=0x000002284c448082 sp=0x00000053c53fdf78 mode 2
Event: 6.058 Thread 0x000002285bb69270 Uncommon trap: trap_request=0xffffff4d fr.pc=0x000002284c933bc0 relative=0x0000000000000360
Event: 6.058 Thread 0x000002285bb69270 Uncommon trap: reason=unstable_if action=reinterpret pc=0x000002284c933bc0 method=java.util.concurrent.ConcurrentHashMap.get(Ljava/lang/Object;)Ljava/lang/Object; @ 76 c2
Event: 6.058 Thread 0x000002285bb69270 DEOPT PACKING pc=0x000002284c933bc0 sp=0x00000053c53fe000
Event: 6.058 Thread 0x000002285bb69270 DEOPT UNPACKING pc=0x000002284c448082 sp=0x00000053c53fdf78 mode 2
Event: 6.063 Thread 0x000002285bb69270 Uncommon trap: trap_request=0xffffffcc fr.pc=0x000002284c93720c relative=0x00000000000003cc
Event: 6.063 Thread 0x000002285bb69270 Uncommon trap: reason=intrinsic_or_type_checked_inlining action=make_not_entrant pc=0x000002284c93720c method=java.util.Arrays.copyOf([Ljava/lang/Object;ILjava/lang/Class;)[Ljava/lang/Object; @ 35 c2
Event: 6.063 Thread 0x000002285bb69270 DEOPT PACKING pc=0x000002284c93720c sp=0x00000053c53fe150
Event: 6.063 Thread 0x000002285bb69270 DEOPT UNPACKING pc=0x000002284c448082 sp=0x00000053c53fe0f8 mode 2
Event: 6.106 Thread 0x000002285bb69270 Uncommon trap: trap_request=0xffffff4d fr.pc=0x000002284c943670 relative=0x00000000000003d0
Event: 6.106 Thread 0x000002285bb69270 Uncommon trap: reason=unstable_if action=reinterpret pc=0x000002284c943670 method=java.io.ByteArrayOutputStream.ensureCapacity(I)V @ 11 c2
Event: 6.106 Thread 0x000002285bb69270 DEOPT PACKING pc=0x000002284c943670 sp=0x00000053c53fe4b0
Event: 6.106 Thread 0x000002285bb69270 DEOPT UNPACKING pc=0x000002284c448082 sp=0x00000053c53fe390 mode 2
Event: 6.108 Thread 0x000002285bb69270 Uncommon trap: trap_request=0xffffff4d fr.pc=0x000002284c9430ac relative=0x000000000000020c
Event: 6.109 Thread 0x000002285bb69270 Uncommon trap: reason=unstable_if action=reinterpret pc=0x000002284c9430ac method=java.io.ByteArrayOutputStream.ensureCapacity(I)V @ 11 c2
Event: 6.109 Thread 0x000002285bb69270 DEOPT PACKING pc=0x000002284c9430ac sp=0x00000053c53fe390
Event: 6.109 Thread 0x000002285bb69270 DEOPT UNPACKING pc=0x000002284c448082 sp=0x00000053c53fe2c8 mode 2

Classes loaded (20 events):
Event: 6.096 Loading class jdk/jfr/internal/MetadataWriter
Event: 6.096 Loading class jdk/jfr/internal/MetadataWriter done
Event: 6.096 Loading class jdk/jfr/internal/MetadataDescriptor$Element
Event: 6.096 Loading class jdk/jfr/internal/MetadataDescriptor$Element done
Event: 6.097 Loading class jdk/jfr/internal/MetadataDescriptor$Attribute
Event: 6.097 Loading class jdk/jfr/internal/MetadataDescriptor$Attribute done
Event: 6.103 Loading class jdk/jfr/internal/consumer/StringParser$Encoding
Event: 6.103 Loading class jdk/jfr/internal/consumer/StringParser$Encoding done
Event: 6.111 Loading class jdk/jfr/internal/consumer/RepositoryFiles
Event: 6.112 Loading class jdk/jfr/internal/consumer/RepositoryFiles done
Event: 6.113 Loading class jdk/jfr/internal/SettingsManager$InternalSetting
Event: 6.114 Loading class jdk/jfr/internal/SettingsManager$InternalSetting done
Event: 6.114 Loading class jdk/jfr/internal/util/Rate
Event: 6.115 Loading class jdk/jfr/internal/util/Rate done
Event: 6.115 Loading class jdk/jfr/internal/util/TimespanUnit
Event: 6.115 Loading class jdk/jfr/internal/util/TimespanUnit done
Event: 6.115 Loading class jdk/jfr/internal/util/ValueParser
Event: 6.115 Loading class jdk/jfr/internal/util/ValueParser done
Event: 6.116 Loading class jdk/jfr/internal/periodic/PeriodicType
Event: 6.116 Loading class jdk/jfr/internal/periodic/PeriodicType done

Classes unloaded (0 events):
No events

Classes redefined (0 events):
No events

Internal exceptions (20 events):
Event: 0.410 Thread 0x000002285bb6d6b0 Exception <a 'java/lang/NoSuchMethodError'{0x0000000712d1a378}: 'java.lang.Object java.lang.invoke.DirectMethodHandle$Holder.invokeStatic(java.lang.Object, java.lang.Object, java.lang.Object, java.lang.Object, java.lang.Object, java.lang.Object, java.lang.Object, java.lang.Object, java.lang.Object)'> (0x0000000712d1a378) 
thrown [s\open\src\hotspot\share\interpreter\linkResolver.cpp, line 805]
Event: 0.411 Thread 0x000002285bb6d6b0 Exception <a 'java/lang/NoSuchMethodError'{0x0000000712d2d828}: 'java.lang.Object java.lang.invoke.Invokers$Holder.invokeExact_MT(java.lang.Object, java.lang.Object, java.lang.Object, java.lang.Object, java.lang.Object, java.lang.Object)'> (0x0000000712d2d828) 
thrown [s\open\src\hotspot\share\interpreter\linkResolver.cpp, line 805]
Event: 0.413 Thread 0x000002285bb6d6b0 Exception <a 'java/lang/NoSuchMethodError'{0x0000000712d39568}: 'java.lang.Object java.lang.invoke.DirectMethodHandle$Holder.invokeInterface(java.lang.Object, java.lang.Object, java.lang.Object, java.lang.Object, java.lang.Object)'> (0x0000000712d39568) 
thrown [s\open\src\hotspot\share\interpreter\linkResolver.cpp, line 805]
Event: 0.418 Thread 0x000002285bb6d6b0 Exception <a 'java/lang/NoSuchMethodError'{0x0000000712d83ee8}: 'double java.lang.invoke.DirectMethodHandle$Holder.invokeInterface(java.lang.Object, java.lang.Object)'> (0x0000000712d83ee8) 
thrown [s\open\src\hotspot\share\interpreter\linkResolver.cpp, line 805]
Event: 0.419 Thread 0x000002285bb6d6b0 Exception <a 'java/lang/NoSuchMethodError'{0x0000000712d94b58}: 'double java.lang.invoke.DelegatingMethodHandle$Holder.reinvoke_L(java.lang.Object, java.lang.Object)'> (0x0000000712d94b58) 
thrown [s\open\src\hotspot\share\interpreter\linkResolver.cpp, line 805]
Event: 0.640 Thread 0x000002285bb6d6b0 Exception <a 'java/lang/NoSuchMethodError'{0x0000000712dbc788}: 'long java.lang.invoke.DirectMethodHandle$Holder.invokeVirtual(java.lang.Object, java.lang.Object)'> (0x0000000712dbc788) 
thrown [s\open\src\hotspot\share\interpreter\linkResolver.cpp, line 805]
Event: 0.640 Thread 0x000002285bb6d6b0 Exception <a 'java/lang/NoSuchMethodError'{0x0000000712dc4a78}: 'java.lang.Object java.lang.invoke.DirectMethodHandle$Holder.invokeStatic(java.lang.Object, long)'> (0x0000000712dc4a78) 
thrown [s\open\src\hotspot\share\interpreter\linkResolver.cpp, line 805]
Event: 0.641 Thread 0x000002285bb6d6b0 Exception <a 'java/lang/NoSuchMethodError'{0x0000000712dd4b20}: 'long java.lang.invoke.DelegatingMethodHandle$Holder.reinvoke_L(java.lang.Object, java.lang.Object)'> (0x0000000712dd4b20) 
thrown [s\open\src\hotspot\share\interpreter\linkResolver.cpp, line 805]
Event: 5.967 Thread 0x000002285bb69270 Implicit null exception at 0x000002284c8dbdb9 to 0x000002284c8dc80c
Event: 5.967 Thread 0x000002285bb69270 Implicit null exception at 0x000002284c8de79d to 0x000002284c8de819
Event: 5.978 Thread 0x000002285bb69270 Exception <a 'java/lang/NoSuchMethodError'{0x0000000712bb0bf0}: 'void java.lang.invoke.DirectMethodHandle$Holder.invokeStaticInit(java.lang.Object)'> (0x0000000712bb0bf0) 
thrown [s\open\src\hotspot\share\interpreter\linkResolver.cpp, line 805]
Event: 5.987 Thread 0x000002285bb69270 Exception <a 'java/lang/NoSuchMethodError'{0x0000000712816788}: 'java.lang.Object java.lang.invoke.DirectMethodHandle$Holder.newInvokeSpecial(java.lang.Object, java.lang.Object, java.lang.Object, java.lang.Object, java.lang.Object)'> (0x0000000712816788) 
thrown [s\open\src\hotspot\share\interpreter\linkResolver.cpp, line 805]
Event: 6.021 Thread 0x000002285bb69270 Exception <a 'java/lang/NoSuchMethodError'{0x00000007129ab5a0}: 'int java.lang.invoke.DirectMethodHandle$Holder.invokeStatic(java.lang.Object, java.lang.Object, java.lang.Object, java.lang.Object)'> (0x00000007129ab5a0) 
thrown [s\open\src\hotspot\share\interpreter\linkResolver.cpp, line 805]
Event: 6.084 Thread 0x000002285bb69270 Exception <a 'java/lang/NoSuchMethodError'{0x00000007125aefd0}: 'void java.lang.invoke.DirectMethodHandle$Holder.invokeSpecial(java.lang.Object, java.lang.Object, int)'> (0x00000007125aefd0) 
thrown [s\open\src\hotspot\share\interpreter\linkResolver.cpp, line 805]
Event: 6.084 Thread 0x000002285bb69270 Exception <a 'java/lang/NoSuchMethodError'{0x00000007125b6bf0}: 'void java.lang.invoke.Invokers$Holder.invokeExact_MT(java.lang.Object, int, java.lang.Object)'> (0x00000007125b6bf0) 
thrown [s\open\src\hotspot\share\interpreter\linkResolver.cpp, line 805]
Event: 6.086 Thread 0x000002285bb69270 Exception <a 'java/lang/NoSuchMethodError'{0x00000007125d1450}: 'void java.lang.invoke.DirectMethodHandle$Holder.invokeStatic(java.lang.Object, java.lang.Object, int)'> (0x00000007125d1450) 
thrown [s\open\src\hotspot\share\interpreter\linkResolver.cpp, line 805]
Event: 6.086 Thread 0x000002285bb69270 Exception <a 'java/lang/NoSuchMethodError'{0x00000007125e0358}: 'java.lang.Object java.lang.invoke.DirectMethodHandle$Holder.newInvokeSpecial(java.lang.Object, java.lang.Object, int)'> (0x00000007125e0358) 
thrown [s\open\src\hotspot\share\interpreter\linkResolver.cpp, line 805]
Event: 6.090 Thread 0x000002285bb69270 Exception <a 'sun/nio/fs/WindowsException'{0x000000071230c018}> (0x000000071230c018) 
thrown [s\open\src\hotspot\share\prims\jni.cpp, line 518]
Event: 6.092 Thread 0x000002285bb69270 Exception <a 'sun/nio/fs/WindowsException'{0x0000000712318e30}> (0x0000000712318e30) 
thrown [s\open\src\hotspot\share\prims\jni.cpp, line 518]
Event: 6.094 Thread 0x000002285bb69270 Exception <a 'sun/nio/fs/WindowsException'{0x000000071232ac60}> (0x000000071232ac60) 
thrown [s\open\src\hotspot\share\prims\jni.cpp, line 518]

VM Operations (12 events):
Event: 0.057 Executing VM operation: HandshakeAllThreads (Deoptimize)
Event: 0.057 Executing VM operation: HandshakeAllThreads (Deoptimize) done
Event: 0.316 Executing VM operation: HandshakeAllThreads (Deoptimize)
Event: 0.317 Executing VM operation: HandshakeAllThreads (Deoptimize) done
Event: 0.364 Executing VM operation: HandshakeAllThreads (Deoptimize)
Event: 0.365 Executing VM operation: HandshakeAllThreads (Deoptimize) done
Event: 0.394 Executing VM operation: HandshakeAllThreads (Deoptimize)
Event: 0.395 Executing VM operation: HandshakeAllThreads (Deoptimize) done
Event: 6.087 Executing VM operation: HandshakeAllThreads (Deoptimize)
Event: 6.087 Executing VM operation: HandshakeAllThreads (Deoptimize) done
Event: 6.112 Executing VM operation: JFRSafepointClear
Event: 6.112 Executing VM operation: JFRSafepointClear done

Memory protections (0 events):
No events

Nmethod flushes (0 events):
No events

Events (20 events):
Event: 0.031 Thread 0x000002283a1f69c0 Thread added: 0x000002285bb69270
Event: 0.031 Thread 0x000002283a1f69c0 Thread added: 0x000002285bb6de00
Event: 0.031 Thread 0x000002283a1f69c0 Thread added: 0x000002285bb6eca0
Event: 0.031 Thread 0x000002283a1f69c0 Thread added: 0x000002285bb6ade0
Event: 0.031 Thread 0x000002283a1f69c0 Thread added: 0x000002285bb73540
Event: 0.050 Thread 0x000002283a1f69c0 Thread added: 0x000002285bb6cf60
Event: 0.089 Thread 0x000002283a1f69c0 Thread added: 0x000002285bb6c0c0
Event: 0.089 Thread 0x000002283a1f69c0 Thread added: 0x000002285bb6f3f0
Event: 0.225 Thread 0x000002285bb73540 Thread added: 0x00000228a1919100
Event: 0.276 Thread 0x000002285bb73540 Thread added: 0x00000228a17831a0
Event: 0.370 Thread 0x000002285bb69270 Thread added: 0x000002285bb6c810
Event: 0.379 Thread 0x000002285bb6c810 Thread added: 0x000002285bb6d6b0
Event: 0.389 Thread 0x000002285bb6d6b0 Thread added: 0x000002285bb6e550
Event: 0.393 Thread 0x000002285bb6d6b0 Thread added: 0x00000228a1a92bb0
Event: 0.637 Thread 0x00000228a1919100 Thread exited: 0x00000228a1919100
Event: 0.637 Thread 0x00000228a17831a0 Thread exited: 0x00000228a17831a0
Event: 5.952 Thread 0x000002285bb73540 Thread added: 0x00000228a185e870
Event: 5.974 Thread 0x000002285bb69270 Thread added: 0x00000228a1a90e70
Event: 6.029 Thread 0x000002285bb73540 Thread added: 0x00000228a185d950
Event: 6.086 Thread 0x000002285bb69270 Thread added: 0x00000228a1a941a0


Dynamic libraries:
0x00007ff64a470000 - 0x00007ff64a47e000 	C:\Users\seont\.jdks\openjdk-24\bin\java.exe
0x00007ffd74dc0000 - 0x00007ffd75020000 	C:\WINDOWS\SYSTEM32\ntdll.dll
0x00007ffd73fe0000 - 0x00007ffd740a7000 	C:\WINDOWS\System32\KERNEL32.DLL
0x00007ffd72480000 - 0x00007ffd7284a000 	C:\WINDOWS\System32\KERNELBASE.dll
0x00007ffd72900000 - 0x00007ffd72a4b000 	C:\WINDOWS\System32\ucrtbase.dll
0x00007ffd692d0000 - 0x00007ffd692eb000 	C:\Users\seont\.jdks\openjdk-24\bin\VCRUNTIME140.dll
0x00007ffd6a710000 - 0x00007ffd6a726000 	C:\Users\seont\.jdks\openjdk-24\bin\jli.dll
0x00007ffd74a70000 - 0x00007ffd74c3c000 	C:\WINDOWS\System32\USER32.dll
0x00007ffd5a770000 - 0x00007ffd5aa07000 	C:\WINDOWS\WinSxS\amd64_microsoft.windows.common-controls_6595b64144ccf1df_6.0.26100.3624_none_3e086962e3345f24\COMCTL32.dll
0x00007ffd72450000 - 0x00007ffd72477000 	C:\WINDOWS\System32\win32u.dll
0x00007ffd72d10000 - 0x00007ffd72db9000 	C:\WINDOWS\System32\msvcrt.dll
0x00007ffd74a40000 - 0x00007ffd74a6a000 	C:\WINDOWS\System32\GDI32.dll
0x00007ffd721e0000 - 0x00007ffd72311000 	C:\WINDOWS\System32\gdi32full.dll
0x00007ffd72850000 - 0x00007ffd728f3000 	C:\WINDOWS\System32\msvcp_win.dll
0x00007ffd72e40000 - 0x00007ffd72e6f000 	C:\WINDOWS\System32\IMM32.DLL
0x00007ffd6a760000 - 0x00007ffd6a76c000 	C:\Users\seont\.jdks\openjdk-24\bin\vcruntime140_1.dll
0x00007ffd56e40000 - 0x00007ffd56ece000 	C:\Users\seont\.jdks\openjdk-24\bin\msvcp140.dll
0x00007ffcdf6f0000 - 0x00007ffce0492000 	C:\Users\seont\.jdks\openjdk-24\bin\server\jvm.dll
0x00007ffd72bc0000 - 0x00007ffd72c72000 	C:\WINDOWS\System32\ADVAPI32.dll
0x00007ffd74440000 - 0x00007ffd744e6000 	C:\WINDOWS\System32\sechost.dll
0x00007ffd74620000 - 0x00007ffd74736000 	C:\WINDOWS\System32\RPCRT4.dll
0x00007ffd748e0000 - 0x00007ffd74954000 	C:\WINDOWS\System32\WS2_32.dll
0x00007ffd71760000 - 0x00007ffd717be000 	C:\WINDOWS\SYSTEM32\POWRPROF.dll
0x00007ffd5c950000 - 0x00007ffd5c986000 	C:\WINDOWS\SYSTEM32\WINMM.dll
0x00007ffd603a0000 - 0x00007ffd603ab000 	C:\WINDOWS\SYSTEM32\VERSION.dll
0x00007ffd71740000 - 0x00007ffd71754000 	C:\WINDOWS\SYSTEM32\UMPDC.dll
0x00007ffd70db0000 - 0x00007ffd70dca000 	C:\WINDOWS\SYSTEM32\kernel.appcore.dll
0x00007ffd6a700000 - 0x00007ffd6a70a000 	C:\Users\seont\.jdks\openjdk-24\bin\jimage.dll
0x00007ffd6f2d0000 - 0x00007ffd6f511000 	C:\WINDOWS\SYSTEM32\DBGHELP.DLL
0x00007ffd740b0000 - 0x00007ffd74432000 	C:\WINDOWS\System32\combase.dll
0x00007ffd74960000 - 0x00007ffd74a36000 	C:\WINDOWS\System32\OLEAUT32.dll
0x00007ffd399f0000 - 0x00007ffd39a29000 	C:\WINDOWS\SYSTEM32\dbgcore.DLL
0x00007ffd723b0000 - 0x00007ffd72449000 	C:\WINDOWS\System32\bcryptPrimitives.dll
0x00007ffd69140000 - 0x00007ffd6914f000 	C:\Users\seont\.jdks\openjdk-24\bin\instrument.dll
0x00007ffd679f0000 - 0x00007ffd67a0e000 	C:\Users\seont\.jdks\openjdk-24\bin\java.dll
0x00007ffd74740000 - 0x00007ffd748d6000 	C:\WINDOWS\System32\ole32.dll
0x00007ffd730d0000 - 0x00007ffd737f9000 	C:\WINDOWS\System32\SHELL32.dll
0x00007ffd72a50000 - 0x00007ffd72bb8000 	C:\WINDOWS\System32\wintypes.dll
0x00007ffd6fc60000 - 0x00007ffd704b2000 	C:\WINDOWS\SYSTEM32\windows.storage.dll
0x00007ffd73e90000 - 0x00007ffd73f7d000 	C:\WINDOWS\System32\SHCORE.dll
0x00007ffd74500000 - 0x00007ffd74564000 	C:\WINDOWS\System32\shlwapi.dll
0x00007ffd71eb0000 - 0x00007ffd71edf000 	C:\WINDOWS\SYSTEM32\profapi.dll
0x00007ffd4e2c0000 - 0x00007ffd4e397000 	C:\Users\seont\.jdks\openjdk-24\bin\jsvml.dll
0x00007ffd67880000 - 0x00007ffd67897000 	C:\Users\seont\.jdks\openjdk-24\bin\zip.dll
0x00007ffd67a30000 - 0x00007ffd67a40000 	C:\Users\seont\.jdks\openjdk-24\bin\net.dll
0x00007ffd712d0000 - 0x00007ffd7133a000 	C:\WINDOWS\system32\mswsock.dll
0x00007ffd67900000 - 0x00007ffd67916000 	C:\Users\seont\.jdks\openjdk-24\bin\nio.dll
0x00007ffd678e0000 - 0x00007ffd678e9000 	C:\Users\seont\.jdks\openjdk-24\bin\extnet.dll
0x00007ffd708d0000 - 0x00007ffd709f5000 	C:\WINDOWS\SYSTEM32\DNSAPI.dll
0x00007ffd70830000 - 0x00007ffd70863000 	C:\WINDOWS\SYSTEM32\IPHLPAPI.DLL
0x00007ffd744f0000 - 0x00007ffd744fa000 	C:\WINDOWS\System32\NSI.dll
0x00007ffd67b00000 - 0x00007ffd67b0b000 	C:\Windows\System32\rasadhlp.dll
0x00007ffd6b150000 - 0x00007ffd6b1d5000 	C:\WINDOWS\System32\fwpuclnt.dll
0x00007ffd67870000 - 0x00007ffd6787a000 	C:\Users\seont\.jdks\openjdk-24\bin\management.dll
0x00007ffd64d40000 - 0x00007ffd64d4b000 	C:\Users\seont\.jdks\openjdk-24\bin\management_ext.dll
0x00007ffd739e0000 - 0x00007ffd739e8000 	C:\WINDOWS\System32\PSAPI.DLL
0x00007ffd715e0000 - 0x00007ffd715fc000 	C:\WINDOWS\SYSTEM32\CRYPTSP.dll
0x00007ffd70d10000 - 0x00007ffd70d4a000 	C:\WINDOWS\system32\rsaenh.dll
0x00007ffd71370000 - 0x00007ffd7139b000 	C:\WINDOWS\SYSTEM32\USERENV.dll
0x00007ffd71e80000 - 0x00007ffd71ea6000 	C:\WINDOWS\SYSTEM32\bcrypt.dll
0x00007ffd71600000 - 0x00007ffd7160c000 	C:\WINDOWS\SYSTEM32\CRYPTBASE.dll
0x00007ffd56720000 - 0x00007ffd56738000 	C:\WINDOWS\system32\napinsp.dll
0x00007ffd56700000 - 0x00007ffd56712000 	C:\WINDOWS\System32\winrnr.dll
0x00007ffd564b0000 - 0x00007ffd564e0000 	C:\WINDOWS\system32\nlansp_c.dll
0x00007ffd61950000 - 0x00007ffd61966000 	C:\WINDOWS\system32\wshbth.dll
0x00007ffd18340000 - 0x00007ffd1854e000 	C:\Users\seont\AppData\Local\Temp\idea_libasyncProfiler_dll_temp_folder1\libasyncProfiler.dll

dbghelp: loaded successfully - version: 4.0.5 - missing functions: none
symbol engine: initialized successfully - sym options: 0x614 - pdb path: .;C:\Users\seont\.jdks\openjdk-24\bin;C:\WINDOWS\SYSTEM32;C:\WINDOWS\WinSxS\amd64_microsoft.windows.common-controls_6595b64144ccf1df_6.0.26100.3624_none_3e086962e3345f24;C:\Users\seont\.jdks\openjdk-24\bin\server;C:\Users\seont\AppData\Local\Temp\idea_libasyncProfiler_dll_temp_folder1

VM Arguments:
jvm_args: -javaagent:C:\Program Files\JetBrains\IntelliJ IDEA 2024.3.5\lib\idea_rt.jar=58946 -Dfile.encoding=UTF-8 -Dsun.stdout.encoding=UTF-8 -Dsun.stderr.encoding=UTF-8 
java_command: array.ex.ProductAdminEx
java_class_path (initial): C:\inflearn\java\java-start\out\production\java-start
Launcher Type: SUN_STANDARD

[Global flags]
     intx CICompilerCount                          = 4                                         {product} {ergonomic}
     uint ConcGCThreads                            = 2                                         {product} {ergonomic}
     bool FlightRecorder                           = true                                      {product} {management}
     uint G1ConcRefinementThreads                  = 8                                         {product} {ergonomic}
   size_t G1HeapRegionSize                         = 2097152                                   {product} {ergonomic}
   size_t InitialHeapSize                          = 264241152                                 {product} {ergonomic}
   size_t MarkStackSize                            = 4194304                                   {product} {ergonomic}
   size_t MarkStackSizeMax                         = 536870912                                 {product} {ergonomic}
   size_t MaxHeapSize                              = 4223664128                                {product} {ergonomic}
   size_t MaxNewSize                               = 2533359616                                {product} {ergonomic}
   size_t MinHeapDeltaBytes                        = 2097152                                   {product} {ergonomic}
   size_t MinHeapSize                              = 8388608                                   {product} {ergonomic}
    uintx NonNMethodCodeHeapSize                   = 5832704                                {pd product} {ergonomic}
    uintx NonProfiledCodeHeapSize                  = 122945536                              {pd product} {ergonomic}
    uintx ProfiledCodeHeapSize                     = 122880000                              {pd product} {ergonomic}
    uintx ReservedCodeCacheSize                    = 251658240                              {pd product} {ergonomic}
     bool SegmentedCodeCache                       = true                                      {product} {ergonomic}
   size_t SoftMaxHeapSize                          = 4223664128                             {manageable} {ergonomic}
     bool UseCompressedOops                        = true                           {product lp64_product} {ergonomic}
     bool UseG1GC                                  = true                                      {product} {ergonomic}
     bool UseLargePagesIndividualAllocation        = false                                  {pd product} {ergonomic}

Logging:
Log output configuration:
 #0: stdout all=warning uptime,level,tags foldmultilines=false
 #1: stderr all=off uptime,level,tags foldmultilines=false

Environment Variables:
PATH=C:\Program Files\Common Files\Oracle\Java\javapath;C:\WINDOWS\system32;C:\WINDOWS;C:\WINDOWS\System32\Wbem;C:\WINDOWS\System32\WindowsPowerShell\v1.0\;C:\WINDOWS\System32\OpenSSH\;C:\Program Files\Git\cmd;C:\Program Files\nodejs\;C:\Users\seont\AppData\Local\Microsoft\WindowsApps;C:\Users\seont\AppData\Local\Programs\Microsoft VS Code\bin;C:\Program Files\JetBrains\IntelliJ IDEA Community Edition 2024.3\bin;;C:\Users\seont\AppData\Roaming\npm;C:\Program Files\JetBrains\IntelliJ IDEA 2024.3.5\bin;
USERNAME=seont
OS=Windows_NT
PROCESSOR_IDENTIFIER=Intel64 Family 6 Model 140 Stepping 1, GenuineIntel
TMP=C:\Users\seont\AppData\Local\Temp
TEMP=C:\Users\seont\AppData\Local\Temp




Periodic native trim disabled

---------------  S Y S T E M  ---------------

OS:
 Windows 11 , 64 bit Build 26100 (10.0.26100.3775)
OS uptime: 3 days 0:01 hours

CPU: total 8 (initial active 8) (4 cores per cpu, 2 threads per core) family 6 model 140 stepping 1 microcode 0x8a, cx8, cmov, fxsr, ht, mmx, 3dnowpref, sse, sse2, sse3, ssse3, sse4.1, sse4.2, popcnt, lzcnt, tsc, tscinvbit, avx, avx2, aes, erms, clmul, bmi1, bmi2, adx, avx512f, avx512dq, avx512cd, avx512bw, avx512vl, sha, fma, vzeroupper, avx512_vpopcntdq, avx512_vpclmulqdq, avx512_vaes, avx512_vnni, clflush, clflushopt, clwb, avx512_vbmi2, avx512_vbmi, rdtscp, rdpid, fsrm, gfni, avx512_bitalg, f16c, pku, cet_ibt, cet_ss, avx512_ifma
Processor Information for the first 8 processors :
  Max Mhz: 2419, Current Mhz: 2419, Mhz Limit: 2419

Memory: 4k page, system-wide physical 16107M (8080M free)
TotalPageFile size 17131M (AvailPageFile size 7407M)
current process WorkingSet (physical memory assigned to process): 95M, peak: 95M
current process commit charge ("private bytes"): 387M, peak: 389M

vm_info: OpenJDK 64-Bit Server VM (24+36-3646) for windows-amd64 JRE (24+36-3646), built on 2025-02-06T00:20:43Z with MS VC++ 17.6 (VS2022)

END.
